\BOOKMARK [1][-]{section.1}{\376\377\000I\000n\000t\000r\000o\000d\000u\000c\000t\000i\000o\000n}{}% 1
\BOOKMARK [2][-]{subsection.1.1}{\376\377\000A\000i\000m\000s}{section.1}% 2
\BOOKMARK [1][-]{section.2}{\376\377\000T\000h\000e\000o\000r\000y}{}% 3
\BOOKMARK [2][-]{subsection.2.1}{\376\377\000S\000y\000s\000t\000e\000m\000\040\000C\000o\000n\000t\000r\000o\000l}{section.2}% 4
\BOOKMARK [2][-]{subsection.2.2}{\376\377\000P\000r\000e\000s\000s\000u\000r\000e\000\040\000M\000e\000a\000s\000u\000r\000e\000m\000e\000n\000t}{section.2}% 5
\BOOKMARK [2][-]{subsection.2.3}{\376\377\000F\000l\000u\000i\000d\000\040\000I\000n\000f\000u\000s\000i\000o\000n}{section.2}% 6
\BOOKMARK [2][-]{subsection.2.4}{\376\377\000U\000r\000o\000f\000l\000o\000w\000m\000e\000t\000r\000y}{section.2}% 7
\BOOKMARK [1][-]{section.3}{\376\377\000S\000u\000p\000p\000o\000r\000t\000i\000n\000g\000\040\000I\000n\000f\000o\000r\000m\000a\000t\000i\000o\000n\000\040\000a\000n\000d\000\040\000F\000i\000l\000e\000s}{}% 8
\BOOKMARK [2][-]{subsection.3.1}{\376\377\000P\000C\000B\000\040\000D\000e\000s\000i\000g\000n}{section.3}% 9
\BOOKMARK [2][-]{subsection.3.2}{\376\377\000S\000u\000p\000o\000r\000t\000i\000n\000g\000\040\000S\000t\000r\000u\000c\000t\000u\000r\000e\000\040\000D\000e\000s\000i\000g\000n}{section.3}% 10
\BOOKMARK [2][-]{subsection.3.3}{\376\377\000H\000a\000r\000d\000w\000a\000r\000e\000\040\000C\000o\000n\000t\000r\000o\000l\000\040\000S\000o\000f\000t\000w\000a\000r\000e}{section.3}% 11
\BOOKMARK [2][-]{subsection.3.4}{\376\377\000U\000s\000e\000r\000\040\000I\000n\000t\000e\000r\000f\000a\000c\000e\000\040\000S\000o\000f\000t\000w\000a\000r\000e}{section.3}% 12
\BOOKMARK [1][-]{section.4}{\376\377\000M\000a\000n\000u\000f\000a\000c\000t\000u\000r\000i\000n\000g\000\040\000G\000u\000i\000d\000e}{}% 13
\BOOKMARK [2][-]{subsection.4.1}{\376\377\000C\000o\000m\000p\000o\000n\000e\000n\000t\000s\000\040\000L\000i\000s\000t}{section.4}% 14
\BOOKMARK [3][-]{subsubsection.4.1.1}{\376\377\000C\000o\000n\000t\000r\000o\000l\000\040\000S\000y\000s\000t\000e\000m}{subsection.4.1}% 15
\BOOKMARK [3][-]{subsubsection.4.1.2}{\376\377\000U\000r\000o\000f\000l\000o\000w\000m\000e\000t\000r\000y}{subsection.4.1}% 16
\BOOKMARK [3][-]{subsubsection.4.1.3}{\376\377\000P\000r\000e\000s\000s\000u\000r\000e\000\040\000C\000o\000n\000f\000i\000g\000u\000r\000a\000t\000i\000o\000n}{subsection.4.1}% 17
\BOOKMARK [3][-]{subsubsection.4.1.4}{\376\377\000F\000l\000u\000i\000d\000\040\000I\000n\000f\000u\000s\000i\000o\000n}{subsection.4.1}% 18
\BOOKMARK [2][-]{subsection.4.2}{\376\377\000O\000r\000d\000e\000r\000i\000n\000g\000\040\000P\000C\000B\000s}{section.4}% 19
\BOOKMARK [2][-]{subsection.4.3}{\376\377\000F\000a\000b\000r\000i\000c\000a\000t\000i\000n\000g\000\040\000S\000u\000p\000p\000o\000r\000t\000i\000n\000g\000\040\000S\000t\000r\000u\000c\000t\000u\000r\000e\000s}{section.4}% 20
\BOOKMARK [3][-]{subsubsection.4.3.1}{\376\377\0003\000D\000\040\000P\000r\000i\000n\000t\000i\000n\000g}{subsection.4.3}% 21
\BOOKMARK [3][-]{subsubsection.4.3.2}{\376\377\000W\000o\000r\000k\000s\000h\000o\000p\000\040\000M\000a\000n\000u\000f\000a\000c\000t\000u\000r\000i\000n\000g}{subsection.4.3}% 22
\BOOKMARK [3][-]{subsubsection.4.3.3}{\376\377\000U\000r\000o\000f\000l\000o\000w\000m\000e\000t\000r\000y\000\040\000B\000a\000s\000e\000\040\000P\000l\000a\000t\000e\000s}{subsection.4.3}% 23
\BOOKMARK [3][-]{subsubsection.4.3.4}{\376\377\000P\000r\000e\000s\000s\000u\000r\000e\000\040\000C\000o\000n\000f\000i\000g\000u\000r\000a\000t\000i\000o\000n\000\040\000C\000l\000a\000m\000p\000\040\000D\000e\000s\000i\000g\000n}{subsection.4.3}% 24
\BOOKMARK [3][-]{subsubsection.4.3.5}{\376\377\000I\000n\000f\000u\000s\000i\000o\000n\000\040\000P\000u\000m\000p\000\040\000C\000l\000a\000m\000p\000\040\000D\000e\000s\000i\000g\000n}{subsection.4.3}% 25
\BOOKMARK [3][-]{subsubsection.4.3.6}{\376\377\000V\000o\000l\000u\000m\000e\000\040\000I\000n\000f\000u\000s\000e\000d\000\040\000L\000o\000a\000d\000c\000e\000l\000l\000\040\000C\000l\000a\000m\000p\000\040\000D\000e\000s\000i\000g\000n}{subsection.4.3}% 26
\BOOKMARK [3][-]{subsubsection.4.3.7}{\376\377\000V\000o\000l\000u\000m\000e\000\040\000I\000n\000f\000u\000s\000e\000d\000\040\000F\000l\000u\000i\000d\000\040\000M\000o\000u\000n\000t\000\040\000C\000l\000a\000m\000p\000\040\000D\000e\000s\000i\000g\000n}{subsection.4.3}% 27
\BOOKMARK [2][-]{subsection.4.4}{\376\377\000S\000u\000b\000s\000y\000t\000e\000m\000\040\000A\000s\000s\000e\000m\000b\000l\000y}{section.4}% 28
\BOOKMARK [3][-]{subsubsection.4.4.1}{\376\377\000C\000o\000n\000t\000r\000o\000l\000\040\000S\000u\000b\000s\000y\000s\000t\000e\000m}{subsection.4.4}% 29
\BOOKMARK [3][-]{subsubsection.4.4.2}{\376\377\000U\000r\000o\000f\000l\000o\000w\000m\000e\000t\000r\000y}{subsection.4.4}% 30
\BOOKMARK [3][-]{subsubsection.4.4.3}{\376\377\000P\000r\000e\000s\000s\000u\000r\000e\000\040\000S\000e\000n\000s\000o\000r\000\040\000C\000o\000n\000f\000i\000g\000u\000r\000a\000t\000i\000o\000n}{subsection.4.4}% 31
\BOOKMARK [3][-]{subsubsection.4.4.4}{\376\377\000F\000l\000u\000i\000d\000\040\000I\000n\000f\000u\000s\000i\000o\000n}{subsection.4.4}% 32
\BOOKMARK [3][-]{subsubsection.4.4.5}{\376\377\000I\000n\000f\000u\000s\000i\000o\000n\000\040\000P\000u\000m\000p}{subsection.4.4}% 33
\BOOKMARK [1][-]{section.5}{\376\377\000S\000o\000f\000t\000w\000a\000r\000e}{}% 34
\BOOKMARK [2][-]{subsection.5.1}{\376\377\000C\000o\000n\000t\000r\000o\000l\000\040\000S\000o\000f\000t\000w\000a\000r\000e}{section.5}% 35
\BOOKMARK [3][-]{subsubsection.5.1.1}{\376\377\000C\000o\000n\000t\000r\000o\000l\000\040\000p\000r\000o\000g\000r\000a\000m\000s\000\040\000a\000v\000a\000i\000l\000a\000b\000l\000e}{subsection.5.1}% 36
\BOOKMARK [3][-]{subsubsection.5.1.2}{\376\377\000R\000e\000q\000u\000i\000r\000e\000m\000e\000n\000t\000s}{subsection.5.1}% 37
\BOOKMARK [3][-]{subsubsection.5.1.3}{\376\377\000L\000o\000a\000d\000i\000n\000g\000\040\000s\000c\000r\000i\000p\000t\000s\000\040\000o\000n\000t\000o\000\040\000t\000h\000e\000\040\000h\000a\000r\000d\000w\000a\000r\000e}{subsection.5.1}% 38
\BOOKMARK [2][-]{subsection.5.2}{\376\377\000U\000s\000e\000r\000\040\000I\000n\000t\000e\000r\000f\000a\000c\000e\000\040\000S\000o\000f\000t\000w\000a\000r\000e}{section.5}% 39
\BOOKMARK [3][-]{subsubsection.5.2.1}{\376\377\000R\000e\000q\000u\000i\000r\000e\000m\000e\000n\000t\000s}{subsection.5.2}% 40
\BOOKMARK [3][-]{subsubsection.5.2.2}{\376\377\000I\000n\000s\000t\000a\000l\000l\000a\000t\000i\000o\000n}{subsection.5.2}% 41
\BOOKMARK [3][-]{subsubsection.5.2.3}{\376\377\000U\000s\000a\000g\000e}{subsection.5.2}% 42
\BOOKMARK [1][-]{section.6}{\376\377\000S\000y\000s\000t\000e\000m\000\040\000T\000e\000s\000t\000i\000n\000g}{}% 43
\BOOKMARK [1][-]{section.7}{\376\377\000C\000l\000i\000n\000i\000c\000i\000a\000l\000\040\000U\000s\000e}{}% 44
\BOOKMARK [1][-]{section.8}{\376\377\000P\000r\000o\000j\000e\000c\000t\000\040\000C\000h\000a\000n\000g\000e\000\040\000L\000o\000g}{}% 45
\BOOKMARK [2][-]{subsection.8.1}{\376\377\000S\000y\000s\000t\000e\000m\000\040\000D\000e\000s\000i\000g\000n}{section.8}% 46
\BOOKMARK [2][-]{subsection.8.2}{\376\377\000S\000u\000p\000p\000o\000r\000t\000\040\000S\000t\000r\000u\000c\000t\000u\000r\000e\000\040\000C\000A\000D\000\040\000F\000i\000l\000e\000s}{section.8}% 47
\BOOKMARK [2][-]{subsection.8.3}{\376\377\000U\000s\000e\000r\000\040\000I\000n\000t\000e\000r\000f\000a\000c\000e\000\040\000S\000o\000f\000t\000w\000a\000r\000e}{section.8}% 48
\BOOKMARK [2][-]{subsection.8.4}{\376\377\000H\000a\000r\000d\000w\000a\000r\000e\000\040\000C\000o\000n\000t\000r\000o\000l\000\040\000S\000o\000f\000t\000w\000a\000r\000e}{section.8}% 49
\BOOKMARK [2][-]{subsection.8.5}{\376\377\000P\000C\000B\000\040\000F\000i\000l\000e\000s}{section.8}% 50
\BOOKMARK [1][-]{section.9}{\376\377\000A\000p\000p\000e\000n\000d\000i\000c\000e\000s}{}% 51
